<?xml version="1.0" encoding="UTF-8"?>
<!-- Generated by org.testng.reporters.JUnitReportReporter -->
<testsuite skipped="0" hostname="DESKTOP-DHSQEQD" name="qaclickacademy.Mavenjava.SeleniumTest" tests="2" failures="0" timestamp="2022-06-14T14:52:10 IST" time="0.000" errors="0">
  <testcase name="BrowserAutomation" time="0.000" classname="qaclickacademy.Mavenjava.SeleniumTest"/>
  <system-out/>
  <testcase name="ElementsUi" time="0.000" classname="qaclickacademy.Mavenjava.SeleniumTest"/>
  <system-out/>
</testsuite> <!-- qaclickacademy.Mavenjava.SeleniumTest -->
