<?xml version="1.0" encoding="UTF-8"?>
<!-- Generated by org.testng.reporters.JUnitReportReporter -->
<testsuite skipped="0" hostname="DESKTOP-DHSQEQD" name="qaclickacademy.Mavenjava.RestApiTest" tests="2" failures="0" timestamp="2022-06-14T14:52:10 IST" time="0.000" errors="0">
  <testcase name="DeleteTwitter" time="0.000" classname="qaclickacademy.Mavenjava.RestApiTest"/>
  <system-out/>
  <testcase name="PostJira" time="0.000" classname="qaclickacademy.Mavenjava.RestApiTest"/>
  <system-out/>
</testsuite> <!-- qaclickacademy.Mavenjava.RestApiTest -->
